2017-04-29 09:33:49 INFO  LoginM:68 - Inside the setup method
2017-04-29 09:35:12 INFO  LoginM:111 - TC_ID is TC_01 startes the execution
2017-04-29 09:36:56 INFO  LoginM:277 - TC_ID is TC_03 startes the execution
2017-04-29 09:38:39 INFO  LoginM:168 - TC_ID is TC_02 startes the execution
2017-04-29 12:20:25 INFO  LoginM:68 - Inside the setup method
2017-04-29 15:34:08 INFO  LoginM:69 - Inside the setup method
2017-04-29 15:36:23 INFO  LoginM:69 - Inside the setup method
2017-04-29 15:37:53 INFO  LoginM:69 - Inside the setup method
2017-04-29 15:45:42 INFO  LoginM:70 - Inside the setup method
2017-04-29 15:46:57 INFO  LoginM:114 - TC_ID is TC_01 startes the execution
2017-04-29 15:47:12 INFO  LoginM:158 - TC_ID is TC_01 ends the execution
2017-04-29 15:47:49 INFO  LoginM:70 - Inside the setup method
2017-04-29 15:49:03 INFO  LoginM:71 - Inside the setup method
2017-04-29 15:50:22 INFO  LoginM:71 - Inside the setup method
2017-04-29 15:52:02 INFO  LoginM:73 - Inside the setup method
2017-04-29 15:52:58 INFO  LoginM:117 - TC_ID is TC_01 startes the execution
2017-04-29 15:54:22 INFO  LoginM:287 - TC_ID is TC_03 startes the execution
2017-04-29 15:55:47 INFO  LoginM:73 - Inside the setup method
2017-04-29 15:57:51 INFO  LoginM:117 - TC_ID is TC_01 startes the execution
2017-04-29 15:59:20 INFO  LoginM:73 - Inside the setup method
2017-04-29 16:01:14 INFO  LoginM:117 - TC_ID is TC_01 startes the execution
2017-04-29 16:01:26 INFO  LoginM:157 - TC_01 is getting passed
2017-04-29 16:01:27 INFO  LoginM:162 - TC_ID is TC_01 ends the execution
2017-04-29 16:03:01 INFO  LoginM:73 - Inside the setup method
2017-04-29 16:03:59 INFO  LoginM:120 - TC_ID is TC_01 startes the execution
2017-04-29 16:04:11 INFO  LoginM:160 - TC_01 is getting passed
2017-04-29 16:04:13 INFO  LoginM:165 - TC_ID is TC_01 ends the execution
2017-04-29 16:04:55 INFO  LoginM:291 - TC_ID is TC_03 startes the execution
2017-04-29 16:05:14 INFO  LoginM:334 - TC_03 is getting passed
2017-04-29 16:05:15 INFO  LoginM:346 - TC_ID is TC_03 ends the execution
2017-04-29 16:06:30 INFO  LoginM:179 - TC_ID is TC_02 startes the execution
2017-04-29 16:07:00 INFO  LoginM:266 - TC_02 is getting passed
2017-04-29 16:07:00 INFO  LoginM:279 - TC_ID is TC_02 ends the execution
2017-04-29 16:11:33 INFO  LoginM:73 - Inside the setup method
2017-04-29 16:12:41 INFO  LoginM:120 - TC_01 startes the execution
2017-04-29 16:12:51 INFO  LoginM:160 - TC_01 is getting passed
2017-04-29 16:12:53 INFO  LoginM:165 - TC_01 ends the execution
2017-04-29 16:13:55 INFO  LoginM:293 - TC_03 startes the execution
2017-04-29 16:14:38 INFO  LoginM:336 - TC_03 is getting passed
2017-04-29 16:14:38 INFO  LoginM:348 - TC_03 ends the execution
2017-04-29 16:15:47 INFO  LoginM:179 - TC_02 startes the execution
2017-04-29 16:16:25 INFO  LoginM:268 - TC_02 is getting passed
2017-04-29 16:16:26 INFO  LoginM:281 - TC_02 ends the execution
